<?xml version="1.0" encoding="UTF-8" ?>
<testsuite tests="3" failures="0" name="org.jolie.driver.DriverServiceTest" time="0.757" errors="0" skipped="0">
  <properties>
[...]
</properties>
  <testcase classname="org.jolie.driver.DriverServiceTest" name="org.jolie.driver.DriverServiceTest.testInsert" time="0.513"/>
  <testcase classname="org.jolie.driver.DriverServiceTest" name="org.jolie.driver.DriverServiceTest.testQuery" time="0.106"/>
  <testcase classname="org.jolie.driver.DriverServiceTest" name="org.jolie.driver.DriverServiceTest.testDelete" time="0.138"/>
</testsuite>