<?xml version="1.0" encoding="UTF-8"?>
<testsuite xmlns:xsi="http://www.w3.org/2001/XMLSchema-instance" xsi:noNamespaceSchemaLocation="https://maven.apache.org/surefire/maven-surefire-plugin/xsd/surefire-test-report.xsd" name="io.github.szingaro.jmdb.JmdbApplicationTests" time="1.004" tests="2" errors="0" skipped="0" failures="0">
  <properties>
[...]
</properties>
  <testcase name="testQuery" classname="io.github.szingaro.jmdb.JmdbApplicationTests" time="0.39"/>
  <testcase name="testDrop" classname="io.github.szingaro.jmdb.JmdbApplicationTests" time="0.009"/>
</testsuite>